
> cairoom-v2@0.1.0 build
> next build

▲ Next.js 16.1.1 (Turbopack)

⚠ The "middleware" file convention is deprecated. Please use "proxy" instead. Learn more: https://nextjs.org/docs/messages/middleware-to-proxy
  Creating an optimized production build ...
✓ Compiled successfully in 12.8s
  Running TypeScript ...
  Collecting page data using 19 workers ...
  Generating static pages using 19 workers (0/18) ...
  Generating static pages using 19 workers (4/18) 
  Generating static pages using 19 workers (8/18) 
  Generating static pages using 19 workers (13/18) 
✓ Generating static pages using 19 workers (18/18) in 3.2s
  Finalizing page optimization ...

Route (app)
┌ ○ /
├ ○ /_not-found
├ ○ /bookings
├ ○ /dashboard
├ ○ /entertainment
├ ○ /inventory
├ ○ /marketing
├ ○ /members
├ ○ /operations
├ ○ /promocodes
├ ○ /radio
├ ○ /sessions
├ ○ /settings
├ ○ /staff
├ ○ /statistics
└ ○ /tables


ƒ Proxy (Middleware)

○  (Static)  prerendered as static content

